#
# A fatal error has been detected by the Java Runtime Environment:
#
#  EXCEPTION_ACCESS_VIOLATION (0xc0000005) at pc=0x00000000731cbe7d, pid=1388, tid=0x0000000000000fb4
#
# JRE version: OpenJDK Runtime Environment (8.0_152-b02) (build 1.8.0_152-release-1024-b02)
# Java VM: OpenJDK 64-Bit Server VM (25.152-b02 mixed mode windows-amd64 compressed oops)
# Problematic frame:
# V  [jvm.dll+0x10be7d]
#
# Failed to write core dump. Minidumps are not enabled by default on client versions of Windows
#
# If you would like to submit a bug report, please visit:
#   http://bugreport.java.com/bugreport/crash.jsp
#

---------------  T H R E A D  ---------------

Current thread (0x000000005715b800):  VMThread [stack: 0x0000000057c60000,0x0000000057d60000] [id=4020]

siginfo: ExceptionCode=0xc0000005, reading address 0xffffffffffffffff

Registers:
RAX=0x0000000060939ba8, RBX=0x000000000000007e, RCX=0x0200000000000000, RDX=0x0000000073847370
RSP=0x0000000057d5ed60, RBP=0x0000000000000000, RSI=0x0200000000000000, RDI=0x00000000000003f0
R8 =0x0000000000000008, R9 =0x0000000059172770, R10=0x00000000000001fe, R11=0x0000000057d5ed88
R12=0x0000000073847370, R13=0x0000000000000000, R14=0x000000007368c5c0, R15=0x00000000738472e0
RIP=0x00000000731cbe7d, EFLAGS=0x0000000000010246

Top of Stack: (sp=0x0000000057d5ed60)
0x0000000057d5ed60:   0000000000000000 0000000000000001
0x0000000057d5ed70:   0000000016e02a10 0000000073847370
0x0000000057d5ed80:   0000000000000001 00000000731a24b6
0x0000000057d5ed90:   000000000000002c 00000000000003f0
0x0000000057d5eda0:   0000000073847370 0000000016e02560
0x0000000057d5edb0:   0000000016e02560 00000000731a7c10
0x0000000057d5edc0:   0000000016e02560 0000000073847370
0x0000000057d5edd0:   0000000057d5ee60 00000000037b8340
0x0000000057d5ede0:   0000000073847370 00000000731c0efc
0x0000000057d5edf0:   0000000016d969b8 0000000000000002
0x0000000057d5ee00:   0000000000000000 00000000731030cd
0x0000000057d5ee10:   000000007368c5c0 00000000000001fe
0x0000000057d5ee20:   ffffffffffffff00 0000000000000004
0x0000000057d5ee30:   00000000000000ad 0000000000000000
0x0000000057d5ee40:   0000000000000000 0000000059172770
0x0000000057d5ee50:   0000000000000000 00000000020d23f0 

Instructions: (pc=0x00000000731cbe7d)
0x00000000731cbe5d:   cc cc cc 48 89 6c 24 18 48 89 74 24 20 41 54 48
0x00000000731cbe6d:   83 ec 20 33 ed 48 89 7c 24 38 4c 8b e2 48 8b f1
0x00000000731cbe7d:   39 a9 f8 00 00 00 7f 04 8b fd eb 0f 48 81 c1 00
0x00000000731cbe8d:   01 00 00 e8 eb e7 ff ff 48 8b f8 48 89 5c 24 30 


Register to memory mapping:

RAX={method} {0x0000000060939bb0} 'leftShift' '(BB)I' in 'org/codehaus/groovy/runtime/typehandling/NumberMathModificationInfo'
RBX=0x000000000000007e is an unknown value
RCX=0x0200000000000000 is an unknown value
RDX=0x0000000073847370 is an unknown value
RSP=0x0000000057d5ed60 is an unknown value
RBP=0x0000000000000000 is an unknown value
RSI=0x0200000000000000 is an unknown value
RDI=0x00000000000003f0 is an unknown value
R8 =0x0000000000000008 is an unknown value
R9 =0x0000000059172770 is an unknown value
R10=0x00000000000001fe is an unknown value
R11=0x0000000057d5ed88 is an unknown value
R12=0x0000000073847370 is an unknown value
R13=0x0000000000000000 is an unknown value
R14=0x000000007368c5c0 is an unknown value
R15=0x00000000738472e0 is an unknown value


Stack: [0x0000000057c60000,0x0000000057d60000],  sp=0x0000000057d5ed60,  free space=1019k
Native frames: (J=compiled Java code, j=interpreted, Vv=VM code, C=native code)

VM_Operation (0x000000005f88a680): CollectForMetadataAllocation, mode: safepoint, requested by thread 0x000000005a059000


---------------  P R O C E S S  ---------------

Java Threads: ( => current thread )
  0x000000005a059000 JavaThread "Task worker for ':'" [_thread_blocked, id=2772, stack(0x000000005f790000,0x000000005f890000)]
  0x000000005a058800 JavaThread "Cache worker for Build Output Cleanup Cache (D:\Apsara\.gradle\buildOutputCleanup)" [_thread_blocked, id=3140, stack(0x0000000060c20000,0x0000000060d20000)]
  0x000000005a057800 JavaThread "Cache worker for task history cache (D:\Apsara\.gradle\4.4\taskHistory)" [_thread_blocked, id=628, stack(0x0000000061bb0000,0x0000000061cb0000)]
  0x000000005a057000 JavaThread "Cache worker for file content cache (D:\Apsara\.gradle\4.4\fileContent)" [_thread_blocked, id=2836, stack(0x0000000060430000,0x0000000060530000)]
  0x000000005a054800 JavaThread "Memory manager" [_thread_blocked, id=2156, stack(0x0000000060310000,0x0000000060410000)]
  0x000000005a054000 JavaThread "build operations Thread 2" [_thread_blocked, id=3164, stack(0x000000005ab50000,0x000000005ac50000)]
  0x000000005a053000 JavaThread "build operations" [_thread_blocked, id=3936, stack(0x000000005fba0000,0x000000005fca0000)]
  0x000000005a051800 JavaThread "Cache worker for Artifact transforms cache (C:\Users\anroidsaxxis\.gradle\caches\transforms-1)" [_thread_blocked, id=2104, stack(0x000000005f890000,0x000000005f990000)]
  0x000000005a6cf800 JavaThread "Cache worker for file hash cache (D:\Apsara\.gradle\4.4\fileHashes)" [_thread_blocked, id=3516, stack(0x000000005b830000,0x000000005b930000)]
  0x0000000059f0a000 JavaThread "File lock request listener" [_thread_in_native, id=3676, stack(0x000000005bc30000,0x000000005bd30000)]
  0x000000005a070000 JavaThread "Cache worker for file hash cache (C:\Users\anroidsaxxis\.gradle\caches\4.4\fileHashes)" [_thread_blocked, id=1692, stack(0x000000005b5f0000,0x000000005b6f0000)]
  0x0000000059f17800 JavaThread "Stdin handler" [_thread_blocked, id=2936, stack(0x000000005b930000,0x000000005ba30000)]
  0x0000000059f16800 JavaThread "Asynchronous log dispatcher for DefaultDaemonConnection: socket connection from /127.0.0.1:49247 to /127.0.0.1:49248" [_thread_blocked, id=2792, stack(0x000000005b700000,0x000000005b800000)]
  0x0000000059f18800 JavaThread "Daemon worker" [_thread_blocked, id=1516, stack(0x000000005afd0000,0x000000005b0d0000)]
  0x0000000059ee9000 JavaThread "Cancel handler" [_thread_blocked, id=3356, stack(0x000000005b4e0000,0x000000005b5e0000)]
  0x00000000588f4000 JavaThread "Handler for socket connection from /127.0.0.1:49247 to /127.0.0.1:49248" [_thread_in_native, id=3160, stack(0x000000005b1d0000,0x000000005b2d0000)]
  0x0000000059ed6800 JavaThread "Daemon" [_thread_blocked, id=3092, stack(0x000000005b0d0000,0x000000005b1d0000)]
  0x0000000059e30000 JavaThread "Daemon periodic checks" [_thread_blocked, id=2724, stack(0x000000005ae50000,0x000000005af50000)]
  0x0000000059e2e000 JavaThread "Incoming local TCP Connector on port 49247" [_thread_in_native, id=2796, stack(0x000000005ac60000,0x000000005ad60000)]
  0x0000000058660800 JavaThread "Service Thread" daemon [_thread_blocked, id=3884, stack(0x0000000058a60000,0x0000000058b60000)]
  0x0000000057225000 JavaThread "C1 CompilerThread1" daemon [_thread_blocked, id=704, stack(0x0000000058550000,0x0000000058650000)]
  0x00000000571c4800 JavaThread "C2 CompilerThread0" daemon [_thread_blocked, id=3492, stack(0x00000000580e0000,0x00000000581e0000)]
  0x00000000571c1000 JavaThread "Attach Listener" daemon [_thread_blocked, id=1496, stack(0x0000000058410000,0x0000000058510000)]
  0x00000000571c0000 JavaThread "Signal Dispatcher" daemon [_thread_blocked, id=3272, stack(0x0000000058220000,0x0000000058320000)]
  0x00000000571ad000 JavaThread "Finalizer" daemon [_thread_blocked, id=3328, stack(0x0000000057f40000,0x0000000058040000)]
  0x0000000057163800 JavaThread "Reference Handler" daemon [_thread_blocked, id=3116, stack(0x0000000057d60000,0x0000000057e60000)]
  0x00000000020de800 JavaThread "main" [_thread_blocked, id=3880, stack(0x0000000002280000,0x0000000002380000)]

Other Threads:
=>0x000000005715b800 VMThread [stack: 0x0000000057c60000,0x0000000057d60000] [id=4020]
  0x0000000058661800 WatcherThread [stack: 0x0000000058d30000,0x0000000058e30000] [id=3696]

VM state:at safepoint (normal execution)

VM Mutex/Monitor currently owned by a thread:  ([mutex/lock_event])
[0x00000000020dc800] Threads_lock - owner thread: 0x000000005715b800
[0x00000000020dcd00] Heap_lock - owner thread: 0x000000005a059000

Heap:
 PSYoungGen      total 360448K, used 19957K [0x00000000d5580000, 0x00000000ed800000, 0x0000000100000000)
  eden space 340480K, 0% used [0x00000000d5580000,0x00000000d5580000,0x00000000ea200000)
  from space 19968K, 99% used [0x00000000ebd00000,0x00000000ed07d520,0x00000000ed080000)
  to   space 27648K, 0% used [0x00000000ea200000,0x00000000ea200000,0x00000000ebd00000)
 ParOldGen       total 85504K, used 34995K [0x0000000080000000, 0x0000000085380000, 0x00000000d5580000)
  object space 85504K, 40% used [0x0000000080000000,0x000000008222cc48,0x0000000085380000)
 Metaspace       used 56521K, capacity 58816K, committed 58968K, reserved 1099776K
  class space    used 7776K, capacity 8464K, committed 8576K, reserved 1048576K

Card table byte_map: [0x0000000011a10000,0x0000000011e20000] byte_map_base: 0x0000000011610000

Marking Bits: (ParMarkBitMap*) 0x0000000073884970
 Begin Bits: [0x0000000012430000, 0x0000000014430000)
 End Bits:   [0x0000000014430000, 0x0000000016430000)

Polling page: 0x0000000000230000

CodeCache: size=245760Kb used=16782Kb max_used=17775Kb free=228977Kb
 bounds [0x0000000002650000, 0x00000000037e0000, 0x0000000011650000]
 total_blobs=6559 nmethods=5790 adapters=682
 compilation: enabled

Compilation events (10 events):
Event: 9.914 Thread 0x0000000057225000 6486       3       org.gradle.api.internal.file.pattern.PatternMatcherFactory$PathMatcherBackedSpec::isSatisfiedBy (44 bytes)
Event: 9.915 Thread 0x0000000057225000 nmethod 6486 0x0000000002860190 code [0x0000000002860320, 0x0000000002860718]
Event: 9.915 Thread 0x0000000057225000 6484       3       com.google.common.cache.LocalCache$LocalManualCache$1::load (10 bytes)
Event: 9.915 Thread 0x0000000057225000 nmethod 6484 0x0000000002987c10 code [0x0000000002987d80, 0x0000000002987fa8]
Event: 9.922 Thread 0x0000000057225000 6488       3       com.google.common.base.Ascii::isLowerCase (18 bytes)
Event: 9.922 Thread 0x0000000057225000 nmethod 6488 0x0000000002f7b3d0 code [0x0000000002f7b520, 0x0000000002f7b6f0]
Event: 9.922 Thread 0x00000000571c4800 6489       4       java.lang.reflect.Method::invoke (62 bytes)
Event: 9.925 Thread 0x00000000571c4800 nmethod 6489 0x00000000033e1710 code [0x00000000033e1880, 0x00000000033e1a98]
Event: 9.925 Thread 0x00000000571c4800 6490       4       sun.reflect.DelegatingMethodAccessorImpl::invoke (10 bytes)
Event: 9.925 Thread 0x00000000571c4800 nmethod 6490 0x0000000002f9ee90 code [0x0000000002f9efc0, 0x0000000002f9f038]

GC Heap History (10 events):
Event: 4.765 GC heap after
Heap after GC invocations=6 (full 1):
 PSYoungGen      total 138240K, used 5108K [0x00000000d5580000, 0x00000000e4880000, 0x0000000100000000)
  eden space 133120K, 0% used [0x00000000d5580000,0x00000000d5580000,0x00000000dd780000)
  from space 5120K, 99% used [0x00000000dd780000,0x00000000ddc7d010,0x00000000ddc80000)
  to   space 14848K, 0% used [0x00000000e3a00000,0x00000000e3a00000,0x00000000e4880000)
 ParOldGen       total 57344K, used 16072K [0x0000000080000000, 0x0000000083800000, 0x00000000d5580000)
  object space 57344K, 28% used [0x0000000080000000,0x0000000080fb2180,0x0000000083800000)
 Metaspace       used 29720K, capacity 30264K, committed 30464K, reserved 1075200K
  class space    used 4150K, capacity 4333K, committed 4352K, reserved 1048576K
}
Event: 5.152 GC heap before
{Heap before GC invocations=7 (full 1):
 PSYoungGen      total 138240K, used 31615K [0x00000000d5580000, 0x00000000e4880000, 0x0000000100000000)
  eden space 133120K, 19% used [0x00000000d5580000,0x00000000d6f62d10,0x00000000dd780000)
  from space 5120K, 99% used [0x00000000dd780000,0x00000000ddc7d010,0x00000000ddc80000)
  to   space 14848K, 0% used [0x00000000e3a00000,0x00000000e3a00000,0x00000000e4880000)
 ParOldGen       total 57344K, used 16072K [0x0000000080000000, 0x0000000083800000, 0x00000000d5580000)
  object space 57344K, 28% used [0x0000000080000000,0x0000000080fb2180,0x0000000083800000)
 Metaspace       used 34555K, capacity 35176K, committed 35416K, reserved 1079296K
  class space    used 4748K, capacity 4978K, committed 4992K, reserved 1048576K
Event: 5.162 GC heap after
Heap after GC invocations=7 (full 1):
 PSYoungGen      total 223232K, used 8980K [0x00000000d5580000, 0x00000000e4300000, 0x0000000100000000)
  eden space 214016K, 0% used [0x00000000d5580000,0x00000000d5580000,0x00000000e2680000)
  from space 9216K, 97% used [0x00000000e3a00000,0x00000000e42c5030,0x00000000e4300000)
  to   space 14336K, 0% used [0x00000000e2700000,0x00000000e2700000,0x00000000e3500000)
 ParOldGen       total 57344K, used 16080K [0x0000000080000000, 0x0000000083800000, 0x00000000d5580000)
  object space 57344K, 28% used [0x0000000080000000,0x0000000080fb4180,0x0000000083800000)
 Metaspace       used 34555K, capacity 35176K, committed 35416K, reserved 1079296K
  class space    used 4748K, capacity 4978K, committed 4992K, reserved 1048576K
}
Event: 5.162 GC heap before
{Heap before GC invocations=8 (full 2):
 PSYoungGen      total 223232K, used 8980K [0x00000000d5580000, 0x00000000e4300000, 0x0000000100000000)
  eden space 214016K, 0% used [0x00000000d5580000,0x00000000d5580000,0x00000000e2680000)
  from space 9216K, 97% used [0x00000000e3a00000,0x00000000e42c5030,0x00000000e4300000)
  to   space 14336K, 0% used [0x00000000e2700000,0x00000000e2700000,0x00000000e3500000)
 ParOldGen       total 57344K, used 16080K [0x0000000080000000, 0x0000000083800000, 0x00000000d5580000)
  object space 57344K, 28% used [0x0000000080000000,0x0000000080fb4180,0x0000000083800000)
 Metaspace       used 34555K, capacity 35176K, committed 35416K, reserved 1079296K
  class space    used 4748K, capacity 4978K, committed 4992K, reserved 1048576K
Event: 5.223 GC heap after
Heap after GC invocations=8 (full 2):
 PSYoungGen      total 223232K, used 0K [0x00000000d5580000, 0x00000000e4300000, 0x0000000100000000)
  eden space 214016K, 0% used [0x00000000d5580000,0x00000000d5580000,0x00000000e2680000)
  from space 9216K, 0% used [0x00000000e3a00000,0x00000000e3a00000,0x00000000e4300000)
  to   space 14336K, 0% used [0x00000000e2700000,0x00000000e2700000,0x00000000e3500000)
 ParOldGen       total 85504K, used 17566K [0x0000000080000000, 0x0000000085380000, 0x00000000d5580000)
  object space 85504K, 20% used [0x0000000080000000,0x00000000811278a8,0x0000000085380000)
 Metaspace       used 34555K, capacity 35176K, committed 35416K, reserved 1079296K
  class space    used 4748K, capacity 4978K, committed 4992K, reserved 1048576K
}
Event: 7.479 GC heap before
{Heap before GC invocations=9 (full 2):
 PSYoungGen      total 223232K, used 214016K [0x00000000d5580000, 0x00000000e4300000, 0x0000000100000000)
  eden space 214016K, 100% used [0x00000000d5580000,0x00000000e2680000,0x00000000e2680000)
  from space 9216K, 0% used [0x00000000e3a00000,0x00000000e3a00000,0x00000000e4300000)
  to   space 14336K, 0% used [0x00000000e2700000,0x00000000e2700000,0x00000000e3500000)
 ParOldGen       total 85504K, used 17566K [0x0000000080000000, 0x0000000085380000, 0x00000000d5580000)
  object space 85504K, 20% used [0x0000000080000000,0x00000000811278a8,0x0000000085380000)
 Metaspace       used 47739K, capacity 48926K, committed 49112K, reserved 1091584K
  class space    used 6488K, capacity 6841K, committed 6912K, reserved 1048576K
Event: 7.543 GC heap after
Heap after GC invocations=9 (full 2):
 PSYoungGen      total 228864K, used 14304K [0x00000000d5580000, 0x00000000ed080000, 0x0000000100000000)
  eden space 214528K, 0% used [0x00000000d5580000,0x00000000d5580000,0x00000000e2700000)
  from space 14336K, 99% used [0x00000000e2700000,0x00000000e34f8230,0x00000000e3500000)
  to   space 19968K, 0% used [0x00000000ebd00000,0x00000000ebd00000,0x00000000ed080000)
 ParOldGen       total 85504K, used 24323K [0x0000000080000000, 0x0000000085380000, 0x00000000d5580000)
  object space 85504K, 28% used [0x0000000080000000,0x00000000817c0c60,0x0000000085380000)
 Metaspace       used 47739K, capacity 48926K, committed 49112K, reserved 1091584K
  class space    used 6488K, capacity 6841K, committed 6912K, reserved 1048576K
}
Event: 9.925 GC heap before
{Heap before GC invocations=10 (full 2):
 PSYoungGen      total 228864K, used 156883K [0x00000000d5580000, 0x00000000ed080000, 0x0000000100000000)
  eden space 214528K, 66% used [0x00000000d5580000,0x00000000de0bcc78,0x00000000e2700000)
  from space 14336K, 99% used [0x00000000e2700000,0x00000000e34f8230,0x00000000e3500000)
  to   space 19968K, 0% used [0x00000000ebd00000,0x00000000ebd00000,0x00000000ed080000)
 ParOldGen       total 85504K, used 24323K [0x0000000080000000, 0x0000000085380000, 0x00000000d5580000)
  object space 85504K, 28% used [0x0000000080000000,0x00000000817c0c60,0x0000000085380000)
 Metaspace       used 56521K, capacity 58816K, committed 58968K, reserved 1099776K
  class space    used 7776K, capacity 8464K, committed 8576K, reserved 1048576K
Event: 9.967 GC heap after
Heap after GC invocations=10 (full 2):
 PSYoungGen      total 360448K, used 19957K [0x00000000d5580000, 0x00000000ed800000, 0x0000000100000000)
  eden space 340480K, 0% used [0x00000000d5580000,0x00000000d5580000,0x00000000ea200000)
  from space 19968K, 99% used [0x00000000ebd00000,0x00000000ed07d520,0x00000000ed080000)
  to   space 27648K, 0% used [0x00000000ea200000,0x00000000ea200000,0x00000000ebd00000)
 ParOldGen       total 85504K, used 34995K [0x0000000080000000, 0x0000000085380000, 0x00000000d5580000)
  object space 85504K, 40% used [0x0000000080000000,0x000000008222cc48,0x0000000085380000)
 Metaspace       used 56521K, capacity 58816K, committed 58968K, reserved 1099776K
  class space    used 7776K, capacity 8464K, committed 8576K, reserved 1048576K
}
Event: 9.967 GC heap before
{Heap before GC invocations=11 (full 3):
 PSYoungGen      total 360448K, used 19957K [0x00000000d5580000, 0x00000000ed800000, 0x0000000100000000)
  eden space 340480K, 0% used [0x00000000d5580000,0x00000000d5580000,0x00000000ea200000)
  from space 19968K, 99% used [0x00000000ebd00000,0x00000000ed07d520,0x00000000ed080000)
  to   space 27648K, 0% used [0x00000000ea200000,0x00000000ea200000,0x00000000ebd00000)
 ParOldGen       total 85504K, used 34995K [0x0000000080000000, 0x0000000085380000, 0x00000000d5580000)
  object space 85504K, 40% used [0x0000000080000000,0x000000008222cc48,0x0000000085380000)
 Metaspace       used 56521K, capacity 58816K, committed 58968K, reserved 1099776K
  class space    used 7776K, capacity 8464K, committed 8576K, reserved 1048576K

Deoptimization events (10 events):
Event: 9.279 Thread 0x0000000059f18800 Uncommon trap: reason=class_check action=maybe_recompile pc=0x000000000316bb6c method=com.google.common.collect.AbstractMapBasedMultimap$WrappedCollection.refreshIfEmpty()V @ 59
Event: 9.279 Thread 0x0000000059f18800 Uncommon trap: reason=class_check action=maybe_recompile pc=0x000000000316bb6c method=com.google.common.collect.AbstractMapBasedMultimap$WrappedCollection.refreshIfEmpty()V @ 59
Event: 9.535 Thread 0x000000005a057800 Uncommon trap: reason=unstable_if action=reinterpret pc=0x00000000033abf58 method=java.util.regex.Pattern$Curly.match0(Ljava/util/regex/Matcher;IILjava/lang/CharSequence;)Z @ 5
Event: 9.577 Thread 0x0000000059f18800 Uncommon trap: reason=class_check action=maybe_recompile pc=0x000000000316b0d4 method=com.google.common.collect.ImmutableList$1.get(I)Ljava/lang/Object; @ 5
Event: 9.577 Thread 0x0000000059f18800 Uncommon trap: reason=class_check action=maybe_recompile pc=0x000000000316b0d4 method=com.google.common.collect.ImmutableList$1.get(I)Ljava/lang/Object; @ 5
Event: 9.577 Thread 0x0000000059f18800 Uncommon trap: reason=class_check action=maybe_recompile pc=0x000000000316b0d4 method=com.google.common.collect.ImmutableList$1.get(I)Ljava/lang/Object; @ 5
Event: 9.579 Thread 0x0000000059f18800 Uncommon trap: reason=class_check action=maybe_recompile pc=0x000000000316b0d4 method=com.google.common.collect.ImmutableList$1.get(I)Ljava/lang/Object; @ 5
Event: 9.582 Thread 0x0000000059f18800 Uncommon trap: reason=unstable_if action=reinterpret pc=0x0000000003117278 method=java.util.HashMap$HashIterator.<init>(Ljava/util/HashMap;)V @ 45
Event: 9.884 Thread 0x000000005a057800 Uncommon trap: reason=class_check action=maybe_recompile pc=0x0000000002dac480 method=java.io.BufferedInputStream.read1([BII)I @ 39
Event: 9.885 Thread 0x000000005a057800 Uncommon trap: reason=unstable_if action=reinterpret pc=0x0000000002f60a74 method=com.esotericsoftware.kryo.io.Input.readUtf8(I)V @ 79

Classes redefined (0 events):
No events

Internal exceptions (10 events):
Event: 9.630 Thread 0x0000000059f18800 Exception <a 'sun/nio/fs/WindowsException'> (0x00000000ddc8e590) thrown at [D:\src\AOSP-openjdk-cygwin\jdk8u\hotspot\src\share\vm\prims\jni.cpp, line 709]
Event: 9.631 Thread 0x0000000059f18800 Exception <a 'sun/nio/fs/WindowsException'> (0x00000000ddc905d0) thrown at [D:\src\AOSP-openjdk-cygwin\jdk8u\hotspot\src\share\vm\prims\jni.cpp, line 709]
Event: 9.631 Thread 0x0000000059f18800 Exception <a 'sun/nio/fs/WindowsException'> (0x00000000ddc911e8) thrown at [D:\src\AOSP-openjdk-cygwin\jdk8u\hotspot\src\share\vm\prims\jni.cpp, line 709]
Event: 9.633 Thread 0x0000000059f18800 Exception <a 'sun/nio/fs/WindowsException'> (0x00000000ddcb0d30) thrown at [D:\src\AOSP-openjdk-cygwin\jdk8u\hotspot\src\share\vm\prims\jni.cpp, line 709]
Event: 9.633 Thread 0x0000000059f18800 Exception <a 'sun/nio/fs/WindowsException'> (0x00000000ddcb1868) thrown at [D:\src\AOSP-openjdk-cygwin\jdk8u\hotspot\src\share\vm\prims\jni.cpp, line 709]
Event: 9.633 Thread 0x0000000059f18800 Exception <a 'sun/nio/fs/WindowsException'> (0x00000000ddcb38d0) thrown at [D:\src\AOSP-openjdk-cygwin\jdk8u\hotspot\src\share\vm\prims\jni.cpp, line 709]
Event: 9.633 Thread 0x0000000059f18800 Exception <a 'sun/nio/fs/WindowsException'> (0x00000000ddcb44e8) thrown at [D:\src\AOSP-openjdk-cygwin\jdk8u\hotspot\src\share\vm\prims\jni.cpp, line 709]
Event: 9.711 Thread 0x000000005a059000 Exception <a 'java/lang/NoSuchMethodError': <clinit>> (0x00000000dda3aa00) thrown at [D:\src\AOSP-openjdk-cygwin\jdk8u\hotspot\src\share\vm\prims\jni.cpp, line 1613]
Event: 9.712 Thread 0x000000005a059000 Exception <a 'java/lang/NoSuchMethodError': <clinit>> (0x00000000dda44798) thrown at [D:\src\AOSP-openjdk-cygwin\jdk8u\hotspot\src\share\vm\prims\jni.cpp, line 1613]
Event: 9.900 Thread 0x000000005a059000 Exception <a 'sun/nio/fs/WindowsException'> (0x00000000ddf2af00) thrown at [D:\src\AOSP-openjdk-cygwin\jdk8u\hotspot\src\share\vm\prims\jni.cpp, line 709]

Events (10 events):
Event: 9.918 loading class org/gradle/caching/internal/tasks/TaskOutputCachingBuildCacheKey done
Event: 9.918 loading class org/gradle/caching/BuildCacheKey
Event: 9.918 loading class org/gradle/caching/BuildCacheKey done
Event: 9.919 loading class org/gradle/caching/internal/tasks/BuildCacheKeyInputs
Event: 9.919 loading class org/gradle/caching/internal/tasks/BuildCacheKeyInputs done
Event: 9.919 loading class org/gradle/api/internal/changedetection/changes/NoHistoryArtifactState$1
Event: 9.919 loading class org/gradle/api/internal/changedetection/changes/NoHistoryArtifactState$1 done
Event: 9.921 loading class com/google/gson/JsonParser
Event: 9.921 loading class com/google/gson/JsonParser done
Event: 9.925 Executing VM operation: CollectForMetadataAllocation


Dynamic libraries:
0x000000013f500000 - 0x000000013f531000 	C:\Program Files\Android\Android Studio1\jre\bin\java.exe
0x0000000077ba0000 - 0x0000000077d49000 	C:\Windows\SYSTEM32\ntdll.dll
0x0000000077980000 - 0x0000000077a9f000 	C:\Windows\system32\kernel32.dll
0x000007fefde30000 - 0x000007fefde9b000 	C:\Windows\system32\KERNELBASE.dll
0x000007fefdff0000 - 0x000007fefe0cb000 	C:\Windows\system32\ADVAPI32.dll
0x000007fefe320000 - 0x000007fefe3bf000 	C:\Windows\system32\msvcrt.dll
0x000007fefe490000 - 0x000007fefe4af000 	C:\Windows\SYSTEM32\sechost.dll
0x000007feffd80000 - 0x000007feffead000 	C:\Windows\system32\RPCRT4.dll
0x0000000077aa0000 - 0x0000000077b9a000 	C:\Windows\system32\USER32.dll
0x000007feff940000 - 0x000007feff9a7000 	C:\Windows\system32\GDI32.dll
0x000007fefe4b0000 - 0x000007fefe4be000 	C:\Windows\system32\LPK.dll
0x000007feffa10000 - 0x000007feffad9000 	C:\Windows\system32\USP10.dll
0x000007fefc5c0000 - 0x000007fefc7b4000 	C:\Windows\WinSxS\amd64_microsoft.windows.common-controls_6595b64144ccf1df_6.0.7601.17514_none_fa396087175ac9ac\COMCTL32.dll
0x000007feff660000 - 0x000007feff6d1000 	C:\Windows\system32\SHLWAPI.dll
0x000007fefe460000 - 0x000007fefe48e000 	C:\Windows\system32\IMM32.DLL
0x000007fefe1b0000 - 0x000007fefe2b9000 	C:\Windows\system32\MSCTF.dll
0x0000000074590000 - 0x0000000074662000 	C:\Program Files\Android\Android Studio1\jre\jre\bin\msvcr100.dll
0x00000000730c0000 - 0x00000000738ff000 	C:\Program Files\Android\Android Studio1\jre\jre\bin\server\jvm.dll
0x000007fefb1e0000 - 0x000007fefb1e9000 	C:\Windows\system32\WSOCK32.dll
0x000007feff9b0000 - 0x000007feff9fd000 	C:\Windows\system32\WS2_32.dll
0x000007feffa00000 - 0x000007feffa08000 	C:\Windows\system32\NSI.dll
0x000007fef9ae0000 - 0x000007fef9b1b000 	C:\Windows\system32\WINMM.dll
0x000007fefcc50000 - 0x000007fefcc5c000 	C:\Windows\system32\VERSION.dll
0x0000000077d60000 - 0x0000000077d67000 	C:\Windows\system32\PSAPI.DLL
0x000007fefa780000 - 0x000007fefa78f000 	C:\Program Files\Android\Android Studio1\jre\jre\bin\verify.dll
0x000007fefa750000 - 0x000007fefa779000 	C:\Program Files\Android\Android Studio1\jre\jre\bin\java.dll
0x000007fefa730000 - 0x000007fefa746000 	C:\Program Files\Android\Android Studio1\jre\jre\bin\zip.dll
0x000007fefe8d0000 - 0x000007feff658000 	C:\Windows\system32\SHELL32.dll
0x000007fefe6a0000 - 0x000007fefe8a3000 	C:\Windows\system32\ole32.dll
0x000007fefdaf0000 - 0x000007fefdaff000 	C:\Windows\system32\profapi.dll
0x000007fefa710000 - 0x000007fefa72a000 	C:\Program Files\Android\Android Studio1\jre\jre\bin\net.dll
0x000007fefd320000 - 0x000007fefd375000 	C:\Windows\system32\mswsock.dll
0x000007fefd310000 - 0x000007fefd317000 	C:\Windows\System32\wship6.dll
0x000007fefa6f0000 - 0x000007fefa701000 	C:\Program Files\Android\Android Studio1\jre\jre\bin\nio.dll
0x000007fef0330000 - 0x000007fef034e000 	C:\Users\anroidsaxxis\.gradle\native\25\windows-amd64\native-platform.dll
0x000007fefa640000 - 0x000007fefa64d000 	C:\Program Files\Android\Android Studio1\jre\jre\bin\management.dll
0x000007fefd380000 - 0x000007fefd397000 	C:\Windows\system32\CRYPTSP.dll
0x000007fefd080000 - 0x000007fefd0c7000 	C:\Windows\system32\rsaenh.dll
0x000007fefce40000 - 0x000007fefce5e000 	C:\Windows\system32\USERENV.dll
0x000007fefda20000 - 0x000007fefda2f000 	C:\Windows\system32\CRYPTBASE.dll
0x000007fefb8a0000 - 0x000007fefb8c7000 	C:\Windows\system32\IPHLPAPI.DLL
0x000007fefb880000 - 0x000007fefb88b000 	C:\Windows\system32\WINNSI.DLL
0x000007fefb6f0000 - 0x000007fefb701000 	C:\Windows\system32\dhcpcsvc6.DLL
0x000007fefb710000 - 0x000007fefb728000 	C:\Windows\system32\dhcpcsvc.DLL
0x000007fef6c60000 - 0x000007fef6d85000 	C:\Windows\system32\dbghelp.dll

VM Arguments:
jvm_args: -Xmx2048m -Dfile.encoding=windows-1252 -Duser.country=US -Duser.language=en -Duser.variant 
java_command: org.gradle.launcher.daemon.bootstrap.GradleDaemon 4.4
java_class_path (initial): C:\Users\anroidsaxxis\.gradle\wrapper\dists\gradle-4.4-all\9br9xq1tocpiv8o6njlyu5op1\gradle-4.4\lib\gradle-launcher-4.4.jar
Launcher Type: SUN_STANDARD

Environment Variables:
PATH=C:\Windows\system32;C:\Windows;C:\Windows\System32\Wbem;C:\Windows\System32\WindowsPowerShell\v1.0\;C:\Program Files\PuTTY\;C:\Program Files\Git\cmd;C:\Android;C:\Windows\System32;C:\adb
USERNAME=anroidsaxxis
OS=Windows_NT
PROCESSOR_IDENTIFIER=Intel64 Family 6 Model 60 Stepping 3, GenuineIntel



---------------  S Y S T E M  ---------------

OS: Windows 7 , 64 bit Build 7601 (6.1.7601.17514)

CPU:total 2 (initial active 2) (2 cores per cpu, 1 threads per core) family 6 model 60 stepping 3, cmov, cx8, fxsr, mmx, sse, sse2, sse3, ssse3, sse4.1, sse4.2, popcnt, clmul, erms, lzcnt, tsc, tscinvbit

Memory: 4k page, physical 8285820k(5181564k free), swap 16569792k(13234316k free)

vm_info: OpenJDK 64-Bit Server VM (25.152-b02) for windows-amd64 JRE (1.8.0_152-release-1024-b02), built by "builder" with MS VC++ 10.0 (VS2010)

time: Mon Jul 23 13:28:30 2018
elapsed time: 10 seconds (0d 0h 0m 10s)

